<?xml version="1.0" encoding="UTF-8"?>
<testng-results total="2" passed="2" failed="0" skipped="0">
  <reporter-output>
  </reporter-output>
  <suite started-at="2021-10-07T10:29:31Z" name="Suite" finished-at="2021-10-07T10:29:32Z" duration-ms="1093">
    <groups>
    </groups>
    <test started-at="2021-10-07T10:29:31Z" name="Test" finished-at="2021-10-07T10:29:32Z" duration-ms="1093">
      <class name="test.NewTest">
        <test-method signature="f()[pri:0, instance:test.NewTest@4c309d4d]" started-at="2021-10-07T15:59:31Z" name="f" finished-at="2021-10-07T15:59:32Z" duration-ms="567" status="PASS">
          <reporter-output>
          </reporter-output>
        </test-method> <!-- f -->
      </class> <!-- test.NewTest -->
      <class name="test.TestMethods">
        <test-method is-config="true" signature="beforetest()[pri:0, instance:test.TestMethods@4c39bec8]" started-at="2021-10-07T15:59:31Z" name="beforetest" finished-at="2021-10-07T15:59:31Z" duration-ms="189" status="PASS">
          <reporter-output>
          </reporter-output>
        </test-method> <!-- beforetest -->
        <test-method signature="readdatafromPDF()[pri:0, instance:test.TestMethods@4c39bec8]" started-at="2021-10-07T15:59:32Z" name="readdatafromPDF" finished-at="2021-10-07T15:59:32Z" duration-ms="322" status="PASS">
          <reporter-output>
          </reporter-output>
        </test-method> <!-- readdatafromPDF -->
        <test-method is-config="true" signature="aftertext()[pri:0, instance:test.TestMethods@4c39bec8]" started-at="2021-10-07T15:59:32Z" name="aftertext" finished-at="2021-10-07T15:59:32Z" duration-ms="1" status="PASS">
          <reporter-output>
          </reporter-output>
        </test-method> <!-- aftertext -->
      </class> <!-- test.TestMethods -->
    </test> <!-- Test -->
  </suite> <!-- Suite -->
</testng-results>
